
> workcomm-client@1.0.0 build
> vite build

[36mvite v6.4.3 [32mbuilding for production...[36m[39m
transforming...
[32m✓[39m 129 modules transformed.
[31m✗[39m Build failed in 569ms
[31merror during build:
[31m[vite-plugin-pwa:build] There was an error during the build:
  src/pages/ManagerDashboard.jsx (4:7): "default" is not exported by "src/services/socket.js", imported by "src/pages/ManagerDashboard.jsx".
Additionally, handling the error in the 'buildEnd' hook caused the following error:
  src/pages/ManagerDashboard.jsx (4:7): "default" is not exported by "src/services/socket.js", imported by "src/pages/ManagerDashboard.jsx".[31m
file: [36mA:/KH_MSG/client/src/pages/ManagerDashboard.jsx:4:7[31m
[33m
2: import { useAuth } from '../context/AuthContext';
3: import api from '../services/api';
4: import socket from '../services/socket';
          ^
5: 
6: export default function ManagerDashboard() {
[31m
    at getRollupError (file:///A:/KH_MSG/client/node_modules/rollup/dist/es/shared/parseAst.js:317:41)
    at file:///A:/KH_MSG/client/node_modules/rollup/dist/es/shared/node-entry.js:23873:39
    at async catchUnfinishedHookActions (file:///A:/KH_MSG/client/node_modules/rollup/dist/es/shared/node-entry.js:23331:16)
    at async rollupInternal (file:///A:/KH_MSG/client/node_modules/rollup/dist/es/shared/node-entry.js:23856:5)
    at async buildEnvironment (file:///A:/KH_MSG/client/node_modules/vite/dist/node/chunks/dep-Dm0c1Wj2.js:46365:14)
    at async Object.defaultBuildApp [as buildApp] (file:///A:/KH_MSG/client/node_modules/vite/dist/node/chunks/dep-Dm0c1Wj2.js:46843:5)
    at async CAC.<anonymous> (file:///A:/KH_MSG/client/node_modules/vite/dist/node/cli.js:863:7)[39m
